c:\users\ecoff\source\repos\game3015-final\starter\x64\debug\vc143.pdb
c:\users\ecoff\source\repos\game3015-final\starter\x64\debug\vc143.idb
c:\users\ecoff\source\repos\game3015-final\starter\x64\debug\playeraircraft.obj
c:\users\ecoff\source\repos\game3015-final\starter\x64\debug\player.obj
c:\users\ecoff\source\repos\game3015-final\starter\x64\debug\pausestate.obj
c:\users\ecoff\source\repos\game3015-final\starter\x64\debug\menustate.obj
c:\users\ecoff\source\repos\game3015-final\starter\x64\debug\main.obj
c:\users\ecoff\source\repos\game3015-final\starter\x64\debug\loadingstate.obj
c:\users\ecoff\source\repos\game3015-final\starter\x64\debug\gamestate.obj
c:\users\ecoff\source\repos\game3015-final\starter\x64\debug\game.obj
c:\users\ecoff\source\repos\game3015-final\starter\x64\debug\frameresource.obj
c:\users\ecoff\source\repos\game3015-final\starter\x64\debug\entity.obj
c:\users\ecoff\source\repos\game3015-final\starter\x64\debug\commandqueue.obj
c:\users\ecoff\source\repos\game3015-final\starter\x64\debug\command.obj
c:\users\ecoff\source\repos\game3015-final\starter\x64\debug\aircraft.obj
c:\users\ecoff\source\repos\game3015-final\starter\x64\debug\mathhelper.obj
c:\users\ecoff\source\repos\game3015-final\starter\x64\debug\geometrygenerator.obj
c:\users\ecoff\source\repos\game3015-final\starter\x64\debug\gametimer.obj
c:\users\ecoff\source\repos\game3015-final\starter\x64\debug\ddstextureloader.obj
c:\users\ecoff\source\repos\game3015-final\starter\x64\debug\d3dutil.obj
c:\users\ecoff\source\repos\game3015-final\starter\x64\debug\d3dapp.obj
c:\users\ecoff\source\repos\game3015-final\starter\x64\debug\camera.obj
c:\users\ecoff\source\repos\game3015-final\starter\x64\debug\world.obj
c:\users\ecoff\source\repos\game3015-final\starter\x64\debug\utility.obj
c:\users\ecoff\source\repos\game3015-final\starter\x64\debug\titlestate.obj
c:\users\ecoff\source\repos\game3015-final\starter\x64\debug\statestack.obj
c:\users\ecoff\source\repos\game3015-final\starter\x64\debug\state.obj
c:\users\ecoff\source\repos\game3015-final\starter\x64\debug\spritenode.obj
c:\users\ecoff\source\repos\game3015-final\starter\x64\debug\scenenode.obj
c:\users\ecoff\source\repos\game3015-final\x64\debug\starter.pdb
c:\users\ecoff\source\repos\game3015-final\starter\x64\debug\starter.tlog\cl.command.1.tlog
c:\users\ecoff\source\repos\game3015-final\starter\x64\debug\starter.tlog\cl.read.1.tlog
c:\users\ecoff\source\repos\game3015-final\starter\x64\debug\starter.tlog\cl.write.1.tlog
c:\users\ecoff\source\repos\game3015-final\starter\x64\debug\starter.tlog\link-cvtres.read.1.tlog
c:\users\ecoff\source\repos\game3015-final\starter\x64\debug\starter.tlog\link-cvtres.write.1.tlog
c:\users\ecoff\source\repos\game3015-final\starter\x64\debug\starter.tlog\link-rc.read.1.tlog
c:\users\ecoff\source\repos\game3015-final\starter\x64\debug\starter.tlog\link-rc.write.1.tlog
c:\users\ecoff\source\repos\game3015-final\starter\x64\debug\starter.tlog\link.5992-cvtres.read.1.tlog
c:\users\ecoff\source\repos\game3015-final\starter\x64\debug\starter.tlog\link.5992-cvtres.write.1.tlog
c:\users\ecoff\source\repos\game3015-final\starter\x64\debug\starter.tlog\link.5992-rc.read.1.tlog
c:\users\ecoff\source\repos\game3015-final\starter\x64\debug\starter.tlog\link.5992-rc.write.1.tlog
c:\users\ecoff\source\repos\game3015-final\starter\x64\debug\starter.tlog\link.5992.read.1.tlog
c:\users\ecoff\source\repos\game3015-final\starter\x64\debug\starter.tlog\link.5992.read.2.tlog
c:\users\ecoff\source\repos\game3015-final\starter\x64\debug\starter.tlog\link.5992.write.1.tlog
c:\users\ecoff\source\repos\game3015-final\starter\x64\debug\starter.tlog\link.command.1.tlog
c:\users\ecoff\source\repos\game3015-final\starter\x64\debug\starter.tlog\link.read.1.tlog
c:\users\ecoff\source\repos\game3015-final\starter\x64\debug\starter.tlog\link.read.2.tlog
c:\users\ecoff\source\repos\game3015-final\starter\x64\debug\starter.tlog\link.write.1.tlog
